<?xml version="1.0" encoding="UTF-8"?>
<!-- Generated by org.testng.reporters.JUnitReportReporter -->
<testsuite hostname="Srinaya" failures="0" tests="1" name="testngtest.IjmeetBaseTestClass" time="7.548" errors="0" timestamp="2023-05-26T22:59:32 IST" skipped="0">
  <testcase classname="testngtest.IjmeetBaseTestClass" name="checkButtonClickOrNot" time="7.548"/>
  <system-out/>
</testsuite> <!-- testngtest.IjmeetBaseTestClass -->
